#
# There is insufficient memory for the Java Runtime Environment to continue.
# Native memory allocation (malloc) failed to allocate 360544 bytes for Chunk::new
# Possible reasons:
#   The system is out of physical RAM or swap space
#   The process is running with CompressedOops enabled, and the Java Heap may be blocking the growth of the native heap
# Possible solutions:
#   Reduce memory load on the system
#   Increase physical memory or swap space
#   Check if swap backing store is full
#   Decrease Java heap size (-Xmx/-Xms)
#   Decrease number of Java threads
#   Decrease Java thread stack sizes (-Xss)
#   Set larger code cache with -XX:ReservedCodeCacheSize=
#   JVM is running with Unscaled Compressed Oops mode in which the Java heap is
#     placed in the first 4GB address space. The Java Heap base address is the
#     maximum limit for the native heap growth. Please use -XX:HeapBaseMinAddress
#     to set the Java Heap base and to place the Java Heap above 4GB virtual address.
# This output file may be truncated or incomplete.
#
#  Out of Memory Error (allocation.cpp:389), pid=664, tid=0x0000000000003bec
#
# JRE version: OpenJDK Runtime Environment (8.0_242-b01) (build 1.8.0_242-release-1644-b01)
# Java VM: OpenJDK 64-Bit Server VM (25.242-b01 mixed mode windows-amd64 compressed oops)
# Failed to write core dump. Minidumps are not enabled by default on client versions of Windows
#

---------------  T H R E A D  ---------------

Current thread (0x000000001787b800):  JavaThread "C2 CompilerThread1" daemon [_thread_in_native, id=15340, stack(0x0000000018fd0000,0x00000000190d0000)]

Stack: [0x0000000018fd0000,0x00000000190d0000]
[error occurred during error reporting (printing stack bounds), id 0xc0000005]

Native frames: (J=compiled Java code, j=interpreted, Vv=VM code, C=native code)


Current CompileTask:
C2:  44563 1458   !   4       java.lang.ClassLoader::loadClass (122 bytes)


---------------  P R O C E S S  ---------------

Java Threads: ( => current thread )
  0x00000000197db800 JavaThread "Thread-9" [_thread_blocked, id=12592, stack(0x000000001c320000,0x000000001c420000)]
  0x0000000019dbf000 JavaThread "Stdin handler" [_thread_blocked, id=13044, stack(0x000000001c220000,0x000000001c320000)]
  0x000000001a0ae800 JavaThread "Asynchronous log dispatcher for DefaultDaemonConnection: socket connection from /127.0.0.1:65437 to /127.0.0.1:65438" [_thread_blocked, id=14572, stack(0x000000001c120000,0x000000001c220000)]
  0x0000000019bba800 JavaThread "Daemon worker" [_thread_in_native, id=15040, stack(0x000000001c020000,0x000000001c120000)]
  0x0000000019b68800 JavaThread "Cancel handler" [_thread_blocked, id=14888, stack(0x000000001bf20000,0x000000001c020000)]
  0x000000001a0ad800 JavaThread "Handler for socket connection from /127.0.0.1:65437 to /127.0.0.1:65438" [_thread_in_native, id=12040, stack(0x000000001be20000,0x000000001bf20000)]
  0x000000001a0a8800 JavaThread "Daemon" [_thread_blocked, id=14892, stack(0x000000001bd20000,0x000000001be20000)]
  0x000000001a0a7800 JavaThread "Daemon periodic checks" [_thread_blocked, id=11040, stack(0x000000001ba20000,0x000000001bb20000)]
  0x0000000019db5800 JavaThread "Incoming local TCP Connector on port 65437" [_thread_in_native, id=6200, stack(0x000000001b7e0000,0x000000001b8e0000)]
  0x000000001a90c000 JavaThread "Daemon health stats" [_thread_blocked, id=14712, stack(0x000000001b1a0000,0x000000001b2a0000)]
  0x0000000019200800 JavaThread "Service Thread" daemon [_thread_blocked, id=12208, stack(0x00000000195d0000,0x00000000196d0000)]
  0x0000000017883800 JavaThread "C1 CompilerThread2" daemon [_thread_blocked, id=13884, stack(0x00000000190d0000,0x00000000191d0000)]
=>0x000000001787b800 JavaThread "C2 CompilerThread1" daemon [_thread_in_native, id=15340, stack(0x0000000018fd0000,0x00000000190d0000)]
  0x0000000017873800 JavaThread "C2 CompilerThread0" daemon [_thread_blocked, id=15032, stack(0x0000000018ed0000,0x0000000018fd0000)]
  0x0000000017872800 JavaThread "Attach Listener" daemon [_thread_blocked, id=5084, stack(0x0000000018dd0000,0x0000000018ed0000)]
  0x0000000017878800 JavaThread "Signal Dispatcher" daemon [_thread_blocked, id=15308, stack(0x0000000018cd0000,0x0000000018dd0000)]
  0x0000000002b49800 JavaThread "Finalizer" daemon [_thread_blocked, id=3560, stack(0x0000000018ad0000,0x0000000018bd0000)]
  0x0000000002b41000 JavaThread "Reference Handler" daemon [_thread_blocked, id=14152, stack(0x00000000189d0000,0x0000000018ad0000)]
  0x000000000129d800 JavaThread "main" [_thread_blocked, id=12564, stack(0x0000000001180000,0x0000000001280000)]

Other Threads:
  0x0000000017836800 VMThread [stack: 0x00000000188d0000,0x00000000189d0000] [id=12260]
  0x0000000019201000 WatcherThread [stack: 0x00000000196d0000,0x00000000197d0000] [id=15104]

VM state:not at safepoint (normal execution)

VM Mutex/Monitor currently owned by a thread: None

heap address: 0x0000000080000000, size: 2048 MB, Compressed Oops mode: 32-bit
Narrow klass base: 0x0000000000000000, Narrow klass shift: 3
Compressed class space size: 1073741824 Address: 0x0000000100000000

Heap:
 PSYoungGen      total 19968K, used 15911K [0x00000000d5580000, 0x00000000d7080000, 0x0000000100000000)
  eden space 15360K, 73% used [0x00000000d5580000,0x00000000d6091d90,0x00000000d6480000)
  from space 4608K, 99% used [0x00000000d6a00000,0x00000000d6e78020,0x00000000d6e80000)
  to   space 5632K, 0% used [0x00000000d6480000,0x00000000d6480000,0x00000000d6a00000)
 ParOldGen       total 44032K, used 2985K [0x0000000080000000, 0x0000000082b00000, 0x00000000d5580000)
  object space 44032K, 6% used [0x0000000080000000,0x00000000802ea788,0x0000000082b00000)
 Metaspace       used 12845K, capacity 13292K, committed 13440K, reserved 1060864K
  class space    used 1752K, capacity 1882K, committed 1920K, reserved 1048576K

Card table byte_map: [0x0000000012010000,0x0000000012420000] byte_map_base: 0x0000000011c10000

Marking Bits: (ParMarkBitMap*) 0x00000000741ef030
 Begin Bits: [0x0000000012ad0000, 0x0000000014ad0000)
 End Bits:   [0x0000000014ad0000, 0x0000000016ad0000)

Polling page: 0x0000000000d50000

CodeCache: size=245760Kb used=4579Kb max_used=4673Kb free=241180Kb
 bounds [0x0000000002c50000, 0x00000000030f0000, 0x0000000011c50000]
 total_blobs=1697 nmethods=1320 adapters=290
 compilation: enabled

Compilation events (10 events):
Event: 44.249 Thread 0x0000000017883800 1468       3       java.util.concurrent.locks.AbstractQueuedSynchronizer::setState (6 bytes)
Event: 44.250 Thread 0x0000000017883800 nmethod 1468 0x000000000305ba10 code [0x000000000305bb60, 0x000000000305bcb0]
Event: 44.257 Thread 0x0000000017883800 1469       3       org.gradle.internal.service.ReflectionBasedServiceMethod::<init> (16 bytes)
Event: 44.258 Thread 0x0000000017883800 nmethod 1469 0x0000000002e4eb10 code [0x0000000002e4ecc0, 0x0000000002e4f2c8]
Event: 44.285 Thread 0x0000000017883800 1470       1       sun.reflect.generics.tree.ClassTypeSignature::getPath (5 bytes)
Event: 44.285 Thread 0x0000000017883800 nmethod 1470 0x000000000306c890 code [0x000000000306c9e0, 0x000000000306caf0]
Event: 44.285 Thread 0x0000000017883800 1471       1       sun.reflect.generics.tree.SimpleClassTypeSignature::getName (5 bytes)
Event: 44.285 Thread 0x0000000017883800 nmethod 1471 0x0000000003098310 code [0x0000000003098460, 0x0000000003098570]
Event: 44.286 Thread 0x0000000017883800 1472       1       sun.reflect.generics.tree.SimpleClassTypeSignature::getDollar (5 bytes)
Event: 44.286 Thread 0x0000000017883800 nmethod 1472 0x0000000002e644d0 code [0x0000000002e64620, 0x0000000002e64730]

GC Heap History (10 events):
Event: 16.014 GC heap before
{Heap before GC invocations=2 (full 0):
 PSYoungGen      total 18944K, used 18579K [0x00000000d5580000, 0x00000000d6a80000, 0x0000000100000000)
  eden space 16384K, 100% used [0x00000000d5580000,0x00000000d6580000,0x00000000d6580000)
  from space 2560K, 85% used [0x00000000d6580000,0x00000000d67a4e20,0x00000000d6800000)
  to   space 2560K, 0% used [0x00000000d6800000,0x00000000d6800000,0x00000000d6a80000)
 ParOldGen       total 44032K, used 8K [0x0000000080000000, 0x0000000082b00000, 0x00000000d5580000)
  object space 44032K, 0% used [0x0000000080000000,0x0000000080002000,0x0000000082b00000)
 Metaspace       used 7232K, capacity 7502K, committed 7680K, reserved 1056768K
  class space    used 890K, capacity 973K, committed 1024K, reserved 1048576K
Event: 16.020 GC heap after
Heap after GC invocations=2 (full 0):
 PSYoungGen      total 18944K, used 2556K [0x00000000d5580000, 0x00000000d6a80000, 0x0000000100000000)
  eden space 16384K, 0% used [0x00000000d5580000,0x00000000d5580000,0x00000000d6580000)
  from space 2560K, 99% used [0x00000000d6800000,0x00000000d6a7f3e0,0x00000000d6a80000)
  to   space 2560K, 0% used [0x00000000d6580000,0x00000000d6580000,0x00000000d6800000)
 ParOldGen       total 44032K, used 945K [0x0000000080000000, 0x0000000082b00000, 0x00000000d5580000)
  object space 44032K, 2% used [0x0000000080000000,0x00000000800ec7c0,0x0000000082b00000)
 Metaspace       used 7232K, capacity 7502K, committed 7680K, reserved 1056768K
  class space    used 890K, capacity 973K, committed 1024K, reserved 1048576K
}
Event: 23.435 GC heap before
{Heap before GC invocations=3 (full 0):
 PSYoungGen      total 18944K, used 18940K [0x00000000d5580000, 0x00000000d6a80000, 0x0000000100000000)
  eden space 16384K, 100% used [0x00000000d5580000,0x00000000d6580000,0x00000000d6580000)
  from space 2560K, 99% used [0x00000000d6800000,0x00000000d6a7f3e0,0x00000000d6a80000)
  to   space 2560K, 0% used [0x00000000d6580000,0x00000000d6580000,0x00000000d6800000)
 ParOldGen       total 44032K, used 945K [0x0000000080000000, 0x0000000082b00000, 0x00000000d5580000)
  object space 44032K, 2% used [0x0000000080000000,0x00000000800ec7c0,0x0000000082b00000)
 Metaspace       used 7268K, capacity 7502K, committed 7680K, reserved 1056768K
  class space    used 890K, capacity 973K, committed 1024K, reserved 1048576K
Event: 23.443 GC heap after
Heap after GC invocations=3 (full 0):
 PSYoungGen      total 18944K, used 2160K [0x00000000d5580000, 0x00000000d6a80000, 0x0000000100000000)
  eden space 16384K, 0% used [0x00000000d5580000,0x00000000d5580000,0x00000000d6580000)
  from space 2560K, 84% used [0x00000000d6580000,0x00000000d679c010,0x00000000d6800000)
  to   space 2560K, 0% used [0x00000000d6800000,0x00000000d6800000,0x00000000d6a80000)
 ParOldGen       total 44032K, used 953K [0x0000000080000000, 0x0000000082b00000, 0x00000000d5580000)
  object space 44032K, 2% used [0x0000000080000000,0x00000000800ee7c0,0x0000000082b00000)
 Metaspace       used 7268K, capacity 7502K, committed 7680K, reserved 1056768K
  class space    used 890K, capacity 973K, committed 1024K, reserved 1048576K
}
Event: 33.647 GC heap before
{Heap before GC invocations=4 (full 0):
 PSYoungGen      total 18944K, used 18544K [0x00000000d5580000, 0x00000000d6a80000, 0x0000000100000000)
  eden space 16384K, 100% used [0x00000000d5580000,0x00000000d6580000,0x00000000d6580000)
  from space 2560K, 84% used [0x00000000d6580000,0x00000000d679c010,0x00000000d6800000)
  to   space 2560K, 0% used [0x00000000d6800000,0x00000000d6800000,0x00000000d6a80000)
 ParOldGen       total 44032K, used 953K [0x0000000080000000, 0x0000000082b00000, 0x00000000d5580000)
  object space 44032K, 2% used [0x0000000080000000,0x00000000800ee7c0,0x0000000082b00000)
 Metaspace       used 7462K, capacity 7686K, committed 7936K, reserved 1056768K
  class space    used 914K, capacity 1013K, committed 1024K, reserved 1048576K
Event: 33.655 GC heap after
Heap after GC invocations=4 (full 0):
 PSYoungGen      total 18944K, used 2544K [0x00000000d5580000, 0x00000000d6a80000, 0x0000000100000000)
  eden space 16384K, 0% used [0x00000000d5580000,0x00000000d5580000,0x00000000d6580000)
  from space 2560K, 99% used [0x00000000d6800000,0x00000000d6a7c010,0x00000000d6a80000)
  to   space 2560K, 0% used [0x00000000d6580000,0x00000000d6580000,0x00000000d6800000)
 ParOldGen       total 44032K, used 1474K [0x0000000080000000, 0x0000000082b00000, 0x00000000d5580000)
  object space 44032K, 3% used [0x0000000080000000,0x0000000080170940,0x0000000082b00000)
 Metaspace       used 7462K, capacity 7686K, committed 7936K, reserved 1056768K
  class space    used 914K, capacity 1013K, committed 1024K, reserved 1048576K
}
Event: 35.509 GC heap before
{Heap before GC invocations=5 (full 0):
 PSYoungGen      total 18944K, used 18928K [0x00000000d5580000, 0x00000000d6a80000, 0x0000000100000000)
  eden space 16384K, 100% used [0x00000000d5580000,0x00000000d6580000,0x00000000d6580000)
  from space 2560K, 99% used [0x00000000d6800000,0x00000000d6a7c010,0x00000000d6a80000)
  to   space 2560K, 0% used [0x00000000d6580000,0x00000000d6580000,0x00000000d6800000)
 ParOldGen       total 44032K, used 1474K [0x0000000080000000, 0x0000000082b00000, 0x00000000d5580000)
  object space 44032K, 3% used [0x0000000080000000,0x0000000080170940,0x0000000082b00000)
 Metaspace       used 8899K, capacity 9190K, committed 9472K, reserved 1056768K
  class space    used 1137K, capacity 1237K, committed 1280K, reserved 1048576K
Event: 35.521 GC heap after
Heap after GC invocations=5 (full 0):
 PSYoungGen      total 18944K, used 2544K [0x00000000d5580000, 0x00000000d6e80000, 0x0000000100000000)
  eden space 16384K, 0% used [0x00000000d5580000,0x00000000d5580000,0x00000000d6580000)
  from space 2560K, 99% used [0x00000000d6580000,0x00000000d67fc030,0x00000000d6800000)
  to   space 4608K, 0% used [0x00000000d6a00000,0x00000000d6a00000,0x00000000d6e80000)
 ParOldGen       total 44032K, used 2923K [0x0000000080000000, 0x0000000082b00000, 0x00000000d5580000)
  object space 44032K, 6% used [0x0000000080000000,0x00000000802dadc0,0x0000000082b00000)
 Metaspace       used 8899K, capacity 9190K, committed 9472K, reserved 1056768K
  class space    used 1137K, capacity 1237K, committed 1280K, reserved 1048576K
}
Event: 42.881 GC heap before
{Heap before GC invocations=6 (full 0):
 PSYoungGen      total 18944K, used 18928K [0x00000000d5580000, 0x00000000d6e80000, 0x0000000100000000)
  eden space 16384K, 100% used [0x00000000d5580000,0x00000000d6580000,0x00000000d6580000)
  from space 2560K, 99% used [0x00000000d6580000,0x00000000d67fc030,0x00000000d6800000)
  to   space 4608K, 0% used [0x00000000d6a00000,0x00000000d6a00000,0x00000000d6e80000)
 ParOldGen       total 44032K, used 2923K [0x0000000080000000, 0x0000000082b00000, 0x00000000d5580000)
  object space 44032K, 6% used [0x0000000080000000,0x00000000802dadc0,0x0000000082b00000)
 Metaspace       used 12101K, capacity 12428K, committed 12544K, reserved 1060864K
  class space    used 1609K, capacity 1726K, committed 1792K, reserved 1048576K
Event: 42.897 GC heap after
Heap after GC invocations=6 (full 0):
 PSYoungGen      total 19968K, used 4576K [0x00000000d5580000, 0x00000000d7080000, 0x0000000100000000)
  eden space 15360K, 0% used [0x00000000d5580000,0x00000000d5580000,0x00000000d6480000)
  from space 4608K, 99% used [0x00000000d6a00000,0x00000000d6e78020,0x00000000d6e80000)
  to   space 5632K, 0% used [0x00000000d6480000,0x00000000d6480000,0x00000000d6a00000)
 ParOldGen       total 44032K, used 2985K [0x0000000080000000, 0x0000000082b00000, 0x00000000d5580000)
  object space 44032K, 6% used [0x0000000080000000,0x00000000802ea788,0x0000000082b00000)
 Metaspace       used 12101K, capacity 12428K, committed 12544K, reserved 1060864K
  class space    used 1609K, capacity 1726K, committed 1792K, reserved 1048576K
}

Deoptimization events (10 events):
Event: 29.857 Thread 0x000000000129d800 Uncommon trap: reason=null_assert action=make_not_entrant pc=0x0000000002f4b890 method=java.util.zip.ZipEntry.<init>(Ljava/util/zip/ZipEntry;)V @ 70
Event: 33.533 Thread 0x000000000129d800 Uncommon trap: reason=class_check action=maybe_recompile pc=0x0000000002f5cbb4 method=java.util.HashMap.putVal(ILjava/lang/Object;Ljava/lang/Object;ZZ)Ljava/lang/Object; @ 203
Event: 34.497 Thread 0x000000000129d800 Uncommon trap: reason=class_check action=maybe_recompile pc=0x0000000002f9ae5c method=java.util.regex.Matcher.match(II)Z @ 86
Event: 39.147 Thread 0x000000000129d800 Uncommon trap: reason=unstable_if action=reinterpret pc=0x0000000002f3cc98 method=java.io.WinNTFileSystem.normalize(Ljava/lang/String;)Ljava/lang/String; @ 128
Event: 42.480 Thread 0x000000001a0ad800 Uncommon trap: reason=unstable_if action=reinterpret pc=0x0000000003068b68 method=java.util.concurrent.ConcurrentHashMap.putVal(Ljava/lang/Object;Ljava/lang/Object;Z)Ljava/lang/Object; @ 206
Event: 43.064 Thread 0x0000000019bba800 Uncommon trap: reason=bimorphic action=maybe_recompile pc=0x0000000002f5c278 method=java.util.HashMap.putVal(ILjava/lang/Object;Ljava/lang/Object;ZZ)Ljava/lang/Object; @ 253
Event: 43.064 Thread 0x0000000019bba800 Uncommon trap: reason=bimorphic action=maybe_recompile pc=0x0000000002f5c278 method=java.util.HashMap.putVal(ILjava/lang/Object;Ljava/lang/Object;ZZ)Ljava/lang/Object; @ 253
Event: 43.064 Thread 0x0000000019bba800 Uncommon trap: reason=bimorphic action=maybe_recompile pc=0x0000000002f5c278 method=java.util.HashMap.putVal(ILjava/lang/Object;Ljava/lang/Object;ZZ)Ljava/lang/Object; @ 253
Event: 43.064 Thread 0x0000000019bba800 Uncommon trap: reason=bimorphic action=maybe_recompile pc=0x0000000002f5c278 method=java.util.HashMap.putVal(ILjava/lang/Object;Ljava/lang/Object;ZZ)Ljava/lang/Object; @ 253
Event: 43.065 Thread 0x0000000019bba800 Uncommon trap: reason=bimorphic action=maybe_recompile pc=0x0000000002f6ae68 method=java.util.HashMap.putVal(ILjava/lang/Object;Ljava/lang/Object;ZZ)Ljava/lang/Object; @ 253

Classes redefined (0 events):
No events

Internal exceptions (10 events):
Event: 12.715 Thread 0x000000000129d800 Exception <a 'java/lang/ArrayIndexOutOfBoundsException'> (0x00000000d5b3b4a0) thrown at [C:\src\AOSP-openjdk-git\hotspot\src\share\vm\runtime\sharedRuntime.cpp, line 605]
Event: 12.718 Thread 0x000000000129d800 Exception <a 'java/lang/ArrayIndexOutOfBoundsException'> (0x00000000d5b49730) thrown at [C:\src\AOSP-openjdk-git\hotspot\src\share\vm\runtime\sharedRuntime.cpp, line 605]
Event: 41.673 Thread 0x000000000129d800 Exception <a 'java/io/IOException'> (0x00000000d6201de0) thrown at [C:\src\AOSP-openjdk-git\hotspot\src\share\vm\prims\jni.cpp, line 710]
Event: 42.502 Thread 0x000000001a0ad800 Exception <a 'java/lang/NoSuchMethodError': <clinit>> (0x00000000d63cd2d0) thrown at [C:\src\AOSP-openjdk-git\hotspot\src\share\vm\prims\jni.cpp, line 1615]
Event: 42.507 Thread 0x000000001a0ad800 Exception <a 'java/lang/NoSuchMethodError': <clinit>> (0x00000000d63d6a00) thrown at [C:\src\AOSP-openjdk-git\hotspot\src\share\vm\prims\jni.cpp, line 1615]
Event: 42.536 Thread 0x000000001a0ad800 Exception <a 'java/lang/NoSuchMethodError': <clinit>> (0x00000000d63eb000) thrown at [C:\src\AOSP-openjdk-git\hotspot\src\share\vm\prims\jni.cpp, line 1615]
Event: 42.706 Thread 0x000000001a0ad800 Exception <a 'java/lang/NoSuchMethodError': <clinit>> (0x00000000d6458168) thrown at [C:\src\AOSP-openjdk-git\hotspot\src\share\vm\prims\jni.cpp, line 1615]
Event: 42.757 Thread 0x000000001a0ad800 Exception <a 'java/lang/NoSuchMethodError': <clinit>> (0x00000000d6492678) thrown at [C:\src\AOSP-openjdk-git\hotspot\src\share\vm\prims\jni.cpp, line 1615]
Event: 42.778 Thread 0x000000001a0ad800 Exception <a 'java/lang/NoSuchMethodError': <clinit>> (0x00000000d64c8450) thrown at [C:\src\AOSP-openjdk-git\hotspot\src\share\vm\prims\jni.cpp, line 1615]
Event: 42.781 Thread 0x000000001a0ad800 Exception <a 'java/lang/NoSuchMethodError': <clinit>> (0x00000000d64d4a08) thrown at [C:\src\AOSP-openjdk-git\hotspot\src\share\vm\prims\jni.cpp, line 1615]

Events (10 events):
Event: 44.311 loading class javax/tools/Tool done
Event: 44.311 loading class javax/tools/OptionChecker
Event: 44.311 loading class javax/tools/OptionChecker done
Event: 44.311 loading class javax/tools/JavaCompiler done
Event: 44.311 loading class org/gradle/api/internal/tasks/testing/operations/TestExecutionBuildOperationBuildSessionScopeServices
Event: 44.311 loading class org/gradle/api/internal/tasks/testing/operations/TestExecutionBuildOperationBuildSessionScopeServices done
Event: 44.312 loading class org/gradle/api/internal/tasks/testing/operations/TestListenerBuildOperationAdapter
Event: 44.312 loading class org/gradle/api/internal/tasks/testing/operations/TestListenerBuildOperationAdapter done
Event: 44.312 loading class org/gradle/api/internal/tasks/testing/results/TestListenerInternal
Event: 44.312 loading class org/gradle/api/internal/tasks/testing/results/TestListenerInternal done


Dynamic libraries:
0x00007ff627fd0000 - 0x00007ff628001000 	D:\Programs File\Android\jre\bin\java.exe
0x00007fff179f0000 - 0x00007fff17be5000 	C:\WINDOWS\SYSTEM32\ntdll.dll
0x00007ffef8c90000 - 0x00007ffef8ca3000 	C:\Program Files\AVAST Software\Avast\aswhook.dll
0x00007fff17440000 - 0x00007fff174fd000 	C:\WINDOWS\System32\KERNEL32.DLL
0x00007fff155e0000 - 0x00007fff158a8000 	C:\WINDOWS\System32\KERNELBASE.dll
0x00007fff165f0000 - 0x00007fff1669c000 	C:\WINDOWS\System32\ADVAPI32.dll
0x00007fff164f0000 - 0x00007fff1658e000 	C:\WINDOWS\System32\msvcrt.dll
0x00007fff16a00000 - 0x00007fff16a9b000 	C:\WINDOWS\System32\sechost.dll
0x00007fff17740000 - 0x00007fff1786b000 	C:\WINDOWS\System32\RPCRT4.dll
0x00007fff16210000 - 0x00007fff163b0000 	C:\WINDOWS\System32\USER32.dll
0x00007fff155b0000 - 0x00007fff155d2000 	C:\WINDOWS\System32\win32u.dll
0x00007fff16590000 - 0x00007fff165ba000 	C:\WINDOWS\System32\GDI32.dll
0x00007fff15940000 - 0x00007fff15a4b000 	C:\WINDOWS\System32\gdi32full.dll
0x00007fff15180000 - 0x00007fff1521d000 	C:\WINDOWS\System32\msvcp_win.dll
0x00007fff154b0000 - 0x00007fff155b0000 	C:\WINDOWS\System32\ucrtbase.dll
0x00007ffefb9c0000 - 0x00007ffefbc5a000 	C:\WINDOWS\WinSxS\amd64_microsoft.windows.common-controls_6595b64144ccf1df_6.0.19041.844_none_ca00b6081b84eb1d\COMCTL32.dll
0x00007fff165c0000 - 0x00007fff165f0000 	C:\WINDOWS\System32\IMM32.DLL
0x0000000072f10000 - 0x0000000072fe2000 	D:\Programs File\Android\jre\jre\bin\msvcr100.dll
0x0000000073a20000 - 0x000000007426b000 	D:\Programs File\Android\jre\jre\bin\server\jvm.dll
0x00007fff17560000 - 0x00007fff17568000 	C:\WINDOWS\System32\PSAPI.DLL
0x00007fff087f0000 - 0x00007fff087fa000 	C:\WINDOWS\SYSTEM32\VERSION.dll
0x00007fff0b920000 - 0x00007fff0b947000 	C:\WINDOWS\SYSTEM32\WINMM.dll
0x00007fff03680000 - 0x00007fff03689000 	C:\WINDOWS\SYSTEM32\WSOCK32.dll
0x00007fff171f0000 - 0x00007fff1725b000 	C:\WINDOWS\System32\WS2_32.dll
0x00007fff10660000 - 0x00007fff1066f000 	D:\Programs File\Android\jre\jre\bin\verify.dll
0x00007fff04370000 - 0x00007fff04399000 	D:\Programs File\Android\jre\jre\bin\java.dll
0x00007fff05940000 - 0x00007fff05956000 	D:\Programs File\Android\jre\jre\bin\zip.dll
0x00007fff16aa0000 - 0x00007fff171e2000 	C:\WINDOWS\System32\SHELL32.dll
0x00007fff13270000 - 0x00007fff13a01000 	C:\WINDOWS\SYSTEM32\windows.storage.dll
0x00007fff166a0000 - 0x00007fff169f5000 	C:\WINDOWS\System32\combase.dll
0x00007fff14ba0000 - 0x00007fff14bcc000 	C:\WINDOWS\SYSTEM32\Wldp.dll
0x00007fff15ee0000 - 0x00007fff15f8e000 	C:\WINDOWS\System32\SHCORE.dll
0x00007fff173e0000 - 0x00007fff17435000 	C:\WINDOWS\System32\shlwapi.dll
0x00007fff15070000 - 0x00007fff1508f000 	C:\WINDOWS\SYSTEM32\profapi.dll
0x00007fff04590000 - 0x00007fff045aa000 	D:\Programs File\Android\jre\jre\bin\net.dll
0x00007fff14910000 - 0x00007fff1497a000 	C:\WINDOWS\system32\mswsock.dll
0x00007fff04350000 - 0x00007fff04363000 	D:\Programs File\Android\jre\jre\bin\nio.dll
0x00007fff02830000 - 0x00007fff02857000 	C:\Users\BENARD\.gradle\native\f6784746aeab05261644944871eae4fe03e0ef1612fff0a4a95f87b438bc6780\windows-amd64\native-platform.dll
0x00007fff10650000 - 0x00007fff1065d000 	D:\Programs File\Android\jre\jre\bin\management.dll
0x00007fff14af0000 - 0x00007fff14b08000 	C:\WINDOWS\SYSTEM32\CRYPTSP.dll
0x00007fff14240000 - 0x00007fff14274000 	C:\WINDOWS\system32\rsaenh.dll
0x00007fff158b0000 - 0x00007fff158d7000 	C:\WINDOWS\System32\bcrypt.dll
0x00007fff14ff0000 - 0x00007fff1501e000 	C:\WINDOWS\SYSTEM32\USERENV.dll
0x00007fff15220000 - 0x00007fff152a0000 	C:\WINDOWS\System32\bcryptprimitives.dll
0x00007fff14ae0000 - 0x00007fff14aec000 	C:\WINDOWS\SYSTEM32\CRYPTBASE.dll
0x00007fff145b0000 - 0x00007fff145eb000 	C:\WINDOWS\SYSTEM32\IPHLPAPI.DLL
0x00007fff17870000 - 0x00007fff17878000 	C:\WINDOWS\System32\NSI.dll
0x00007fff09130000 - 0x00007fff09147000 	C:\WINDOWS\SYSTEM32\dhcpcsvc6.DLL
0x00007fff09110000 - 0x00007fff0912d000 	C:\WINDOWS\SYSTEM32\dhcpcsvc.DLL
0x00007fff145f0000 - 0x00007fff146bc000 	C:\WINDOWS\SYSTEM32\DNSAPI.dll
0x00007fff09230000 - 0x00007fff0923b000 	C:\WINDOWS\SYSTEM32\WINNSI.DLL

VM Arguments:
jvm_args: -Xmx2048m -Dfile.encoding=UTF-8 -Duser.country=US -Duser.language=en -Duser.variant 
java_command: org.gradle.launcher.daemon.bootstrap.GradleDaemon 6.5
java_class_path (initial): C:\Users\BENARD\.gradle\wrapper\dists\gradle-6.5-bin\6nifqtx7604sqp1q6g8wikw7p\gradle-6.5\lib\gradle-launcher-6.5.jar
Launcher Type: SUN_STANDARD

Environment Variables:
PATH=C:\ProgramData\Oracle\Java\javapath;D:\Programs File\python\Scripts\;D:\Programs File\python\;C:\WINDOWS\system32;C:\WINDOWS;C:\WINDOWS\System32\Wbem;C:\WINDOWS\System32\WindowsPowerShell\v1.0\;C:\WINDOWS\System32\OpenSSH\;C:\Program Files (x86)\Brackets\command;C:\Users\BENARD\AppData\Local\Microsoft\WindowsApps;;D:\App data\pycharm\PyCharm Community Edition 2020.3\bin;;C:\Users\BENARD\AppData\Local\Programs\Microsoft VS Code\bin;D:\Programs File\intellij\IntelliJ IDEA 2020.3.3\bin;
USERNAME=BENARD
OS=Windows_NT
PROCESSOR_IDENTIFIER=Intel64 Family 6 Model 69 Stepping 1, GenuineIntel



---------------  S Y S T E M  ---------------

OS: Windows 10.0 , 64 bit Build 19041 (10.0.19041.928)

CPU:total 4 (initial active 4) (2 cores per cpu, 2 threads per core) family 6 model 69 stepping 1, cmov, cx8, fxsr, mmx, sse, sse2, sse3, ssse3, sse4.1, sse4.2, popcnt, avx, avx2, aes, clmul, erms, lzcnt, ht, tsc, tscinvbit, bmi1, bmi2

Memory: 4k page, physical 4121708k(272440k free), swap 14909288k(2788k free)

vm_info: OpenJDK 64-Bit Server VM (25.242-b01) for windows-amd64 JRE (1.8.0_242-release-1644-b01), built by "builder" with MS VC++ 10.0 (VS2010)

time: Tue May 11 15:57:54 2021
timezone: E. Africa Standard Time
elapsed time: 44 seconds (0d 0h 0m 44s)

